Begin Time:2020-11-01T15:35:32.416
[2020-11-01T15:35:32.416 info Netsdk:44357 12948:15820 dhnetsdk.cpp:190]Enter CLIENT_SetAutoReconnect:[cbAutoConnect=00000000194D0050, dwUser=0000000000000000].
[2020-11-01T15:35:32.416 info Netsdk:44357 12948:15820 dhnetsdk.cpp:192]Leave CLIENT_SetAutoReconnect.
[2020-11-01T15:35:32.417 info Netsdk:44357 12948:15820 dhnetsdk.cpp:210]Enter CLIENT_SetConnectTime:[nWaitTime=5000, nTryTimes=1].
[2020-11-01T15:35:32.417 info Netsdk:44357 12948:15820 dhnetsdk.cpp:223]Leave CLIENT_SetConnectTime.
[2020-11-01T15:35:32.417 info Netsdk:44357 12948:15820 dhnetsdk.cpp:34041]Enter CLIENT_SetGDPREnable.[bEnable=-1]
[2020-11-01T15:35:32.417 info Netsdk:44357 12948:15820 dhnetsdk.cpp:34045]Leave CLIENT_SetGDPREnable.
[2020-11-01T15:35:32.418 info Netsdk:44357 12948:15820 dhnetsdk.cpp:234]Enter CLIENT_SetNetworkParam:[nWaittime=0, nConnectTime=10000, nConnectTryNum=0, nSubConnectSpaceTime=0, nGetDevInfoTime=0, nConnectBufSize=0, nGetConnInfoTime=3000, nSearchRecordTime=0, nsubDisconnetTime=0, byNetType=0, byPlaybackBufSize=0, bDetectDisconnTime=0, bKeepLifeInterval=0, nPicBufSize=0].
[2020-11-01T15:35:32.419 info Netsdk:44357 12948:15820 dhnetsdk.cpp:249]Leave CLIENT_SetNetworkParam.
[2020-11-01T15:35:32.420 info Netsdk:44357 12948:15820 dhnetsdk.cpp:809]Enter CLIENT_LoginWithHighLevelSecurity. pstInParam:000000000061E8B0, pstOutParam:0000000000649D70.
[2020-11-01T15:35:32.420 info Netsdk:44357 12948:15820 dhnetsdk.cpp:825]IP:10.181.21.91, port:37777, SpeCap:0, CapParam:0000000000000000.
[2020-11-01T15:35:42.422 error Netsdk:44357 12948:15820 TPTCPClient.cpp:392]Connect host failed, ip:10.181.21.91
[2020-11-01T15:35:42.422 error Netsdk:44357 12948:15820 dhdevprob.cpp:2357]Login failed, Failed to create main connection
[2020-11-01T15:35:42.422 error Netsdk:44357 12948:15820 Manager.cpp:8127]device is NULL
[2020-11-01T15:35:42.422 error Netsdk:44357 12948:15820 Manager.cpp:8228]Login device failed, errorcode:9!
[2020-11-01T15:35:42.422 error Netsdk:44357 12948:15820 dhnetsdk.cpp:867]Login failed, ip:10.181.21.91, port:37777, specCap:0!
[2020-11-01T15:35:42.422 info Netsdk:44357 12948:15820 dhnetsdk.cpp:871]Leave CLIENT_LoginWithHighLevelSecurity. error:9, login ID:0.
[2020-11-01T15:35:42.422 info Netsdk:44357 12948:15820 dhnetsdk.cpp:7162]Enter CLIENT_GetLastError.
[2020-11-01T15:35:42.422 info Netsdk:44357 12948:15820 dhnetsdk.cpp:7165]Leave CLIENT_GetLastError.[Error code=8000006b.]
[2020-11-01T15:35:42.422 info Netsdk:44357 12948:15820 dhnetsdk.cpp:7162]Enter CLIENT_GetLastError.
[2020-11-01T15:35:42.422 info Netsdk:44357 12948:15820 dhnetsdk.cpp:7165]Leave CLIENT_GetLastError.[Error code=8000006b.]
[2020-11-01T15:35:42.424 info Netsdk:44357 12948:15820 dhnetsdk.cpp:136]Enter CLIENT_InitEx:[cbDisConnect=00000000194D0010, dwUser=0000000000000000, lpInitParam=0000000000000000].
[2020-11-01T15:35:42.424 info Netsdk:44357 12948:15820 AVNetSDKMgr.cpp:683]Test avnetsdk module handle: 000000001F1A0000

[2020-11-01T15:35:42.424 info Netsdk:44357 12948:15820 dhnetsdk.cpp:159]Leave CLIENT_InitEx.
[2020-11-01T15:35:42.425 info Netsdk:44357 12948:15820 Manager.cpp:13590]-------------------Log file reset, log number:10-log size:10240------------------
