Begin Time:2020-11-01T15:13:26.548
[2020-11-01T15:13:26.548 info Netsdk:44357 17368:37636 AVNetSDKMgr.cpp:376]Load avnetsdk library dynamically
[2020-11-01T15:13:26.557 info Netsdk:44357 17368:37636 AVNetSDKMgr.cpp:400]avnetsdk module handle: 000000001F100000

[2020-11-01T15:13:26.557 info Netsdk:44357 17368:37636 AVNetSDKMgr.cpp:730]Load configsdk dynamically
[2020-11-01T15:13:26.561 info Netsdk:44357 17368:37636 dhnetsdk.cpp:190]Enter CLIENT_SetAutoReconnect:[cbAutoConnect=000000001CA00050, dwUser=0000000000000000].
[2020-11-01T15:13:26.561 info Netsdk:44357 17368:37636 dhnetsdk.cpp:192]Leave CLIENT_SetAutoReconnect.
[2020-11-01T15:13:26.561 info Netsdk:44357 17368:37636 dhnetsdk.cpp:210]Enter CLIENT_SetConnectTime:[nWaitTime=5000, nTryTimes=1].
[2020-11-01T15:13:26.562 info Netsdk:44357 17368:37636 dhnetsdk.cpp:223]Leave CLIENT_SetConnectTime.
[2020-11-01T15:13:26.562 info Netsdk:44357 17368:37636 dhnetsdk.cpp:34041]Enter CLIENT_SetGDPREnable.[bEnable=-1]
[2020-11-01T15:13:26.562 info Netsdk:44357 17368:37636 dhnetsdk.cpp:34045]Leave CLIENT_SetGDPREnable.
[2020-11-01T15:13:26.563 info Netsdk:44357 17368:37636 dhnetsdk.cpp:234]Enter CLIENT_SetNetworkParam:[nWaittime=0, nConnectTime=10000, nConnectTryNum=0, nSubConnectSpaceTime=0, nGetDevInfoTime=0, nConnectBufSize=0, nGetConnInfoTime=3000, nSearchRecordTime=0, nsubDisconnetTime=0, byNetType=0, byPlaybackBufSize=0, bDetectDisconnTime=0, bKeepLifeInterval=0, nPicBufSize=0].
[2020-11-01T15:13:26.563 info Netsdk:44357 17368:37636 dhnetsdk.cpp:249]Leave CLIENT_SetNetworkParam.
[2020-11-01T15:13:26.565 info Netsdk:44357 17368:37636 dhnetsdk.cpp:809]Enter CLIENT_LoginWithHighLevelSecurity. pstInParam:0000000000655C20, pstOutParam:000000000064FE70.
[2020-11-01T15:13:26.565 info Netsdk:44357 17368:37636 dhnetsdk.cpp:825]IP:10.12.44.21, port:37777, SpeCap:0, CapParam:0000000000000000.
[2020-11-01T15:13:36.565 error Netsdk:44357 17368:37636 TPTCPClient.cpp:392]Connect host failed, ip:10.12.44.21
[2020-11-01T15:13:36.565 error Netsdk:44357 17368:37636 dhdevprob.cpp:2357]Login failed, Failed to create main connection
[2020-11-01T15:13:36.565 error Netsdk:44357 17368:37636 Manager.cpp:8127]device is NULL
[2020-11-01T15:13:36.565 error Netsdk:44357 17368:37636 Manager.cpp:8228]Login device failed, errorcode:9!
[2020-11-01T15:13:36.565 error Netsdk:44357 17368:37636 dhnetsdk.cpp:867]Login failed, ip:10.12.44.21, port:37777, specCap:0!
[2020-11-01T15:13:36.565 info Netsdk:44357 17368:37636 dhnetsdk.cpp:871]Leave CLIENT_LoginWithHighLevelSecurity. error:9, login ID:0.
[2020-11-01T15:13:36.567 info Netsdk:44357 17368:37636 dhnetsdk.cpp:7162]Enter CLIENT_GetLastError.
[2020-11-01T15:13:36.568 info Netsdk:44357 17368:37636 dhnetsdk.cpp:7165]Leave CLIENT_GetLastError.[Error code=8000006b.]
[2020-11-01T15:13:36.568 info Netsdk:44357 17368:37636 dhnetsdk.cpp:7162]Enter CLIENT_GetLastError.
[2020-11-01T15:13:36.568 info Netsdk:44357 17368:37636 dhnetsdk.cpp:7165]Leave CLIENT_GetLastError.[Error code=8000006b.]
[2020-11-01T15:13:36.568 info Netsdk:44357 17368:37636 dhnetsdk.cpp:136]Enter CLIENT_InitEx:[cbDisConnect=000000001CA00010, dwUser=0000000000000000, lpInitParam=0000000000000000].
[2020-11-01T15:13:36.568 info Netsdk:44357 17368:37636 AVNetSDKMgr.cpp:683]Test avnetsdk module handle: 000000001F100000

[2020-11-01T15:13:36.568 info Netsdk:44357 17368:37636 dhnetsdk.cpp:159]Leave CLIENT_InitEx.
[2020-11-01T15:13:36.569 info Netsdk:44357 17368:37636 Manager.cpp:13590]-------------------Log file reset, log number:10-log size:10240------------------
