Begin Time:2020-10-17T12:42:55.204
[2020-10-17T12:42:55.204 info Netsdk:44357 6228:34932 AVNetSDKMgr.cpp:376]Load avnetsdk library dynamically
[2020-10-17T12:42:55.268 info Netsdk:44357 6228:34932 AVNetSDKMgr.cpp:400]avnetsdk module handle: 000000001F670000

[2020-10-17T12:42:55.268 info Netsdk:44357 6228:34932 AVNetSDKMgr.cpp:730]Load configsdk dynamically
[2020-10-17T12:42:55.274 info Netsdk:44357 6228:34932 dhnetsdk.cpp:190]Enter CLIENT_SetAutoReconnect:[cbAutoConnect=00000000035B0050, dwUser=0000000000000000].
[2020-10-17T12:42:55.274 info Netsdk:44357 6228:34932 dhnetsdk.cpp:192]Leave CLIENT_SetAutoReconnect.
[2020-10-17T12:42:55.274 info Netsdk:44357 6228:34932 dhnetsdk.cpp:210]Enter CLIENT_SetConnectTime:[nWaitTime=5000, nTryTimes=1].
[2020-10-17T12:42:55.274 info Netsdk:44357 6228:34932 dhnetsdk.cpp:223]Leave CLIENT_SetConnectTime.
[2020-10-17T12:42:55.275 info Netsdk:44357 6228:34932 dhnetsdk.cpp:34041]Enter CLIENT_SetGDPREnable.[bEnable=-1]
[2020-10-17T12:42:55.275 info Netsdk:44357 6228:34932 dhnetsdk.cpp:34045]Leave CLIENT_SetGDPREnable.
[2020-10-17T12:42:55.277 info Netsdk:44357 6228:34932 dhnetsdk.cpp:234]Enter CLIENT_SetNetworkParam:[nWaittime=0, nConnectTime=10000, nConnectTryNum=0, nSubConnectSpaceTime=0, nGetDevInfoTime=0, nConnectBufSize=0, nGetConnInfoTime=3000, nSearchRecordTime=0, nsubDisconnetTime=0, byNetType=0, byPlaybackBufSize=0, bDetectDisconnTime=0, bKeepLifeInterval=0, nPicBufSize=0].
[2020-10-17T12:42:55.277 info Netsdk:44357 6228:34932 dhnetsdk.cpp:249]Leave CLIENT_SetNetworkParam.
[2020-10-17T12:42:55.281 info Netsdk:44357 6228:34932 dhnetsdk.cpp:809]Enter CLIENT_LoginWithHighLevelSecurity. pstInParam:00000000013B2E30, pstOutParam:00000000013B4BB0.
[2020-10-17T12:42:55.281 info Netsdk:44357 6228:34932 dhnetsdk.cpp:825]IP:192.168.123.234, port:80, SpeCap:0, CapParam:0000000000000000.
[2020-10-17T12:43:00.285 error Netsdk:44357 6228:34932 dhdevprob.cpp:2092]Wait for result err:258
[2020-10-17T12:43:00.285 error Netsdk:44357 6228:34932 dhdevprob.cpp:2437]Login failed, Failed to send login data
[2020-10-17T12:43:00.285 error Netsdk:44357 6228:34932 Manager.cpp:8127]device is NULL
[2020-10-17T12:43:00.285 error Netsdk:44357 6228:34932 Manager.cpp:8228]Login device failed, errorcode:3!
[2020-10-17T12:43:00.285 error Netsdk:44357 6228:34932 dhnetsdk.cpp:867]Login failed, ip:192.168.123.234, port:80, specCap:0!
[2020-10-17T12:43:00.285 info Netsdk:44357 6228:34932 dhnetsdk.cpp:871]Leave CLIENT_LoginWithHighLevelSecurity. error:3, login ID:0.
[2020-10-17T12:43:00.287 info Netsdk:44357 6228:34932 dhnetsdk.cpp:7162]Enter CLIENT_GetLastError.
[2020-10-17T12:43:00.287 info Netsdk:44357 6228:34932 dhnetsdk.cpp:7165]Leave CLIENT_GetLastError.[Error code=80000066.]
[2020-10-17T12:43:00.287 info Netsdk:44357 6228:34932 dhnetsdk.cpp:7162]Enter CLIENT_GetLastError.
[2020-10-17T12:43:00.287 info Netsdk:44357 6228:34932 dhnetsdk.cpp:7165]Leave CLIENT_GetLastError.[Error code=80000066.]
[2020-10-17T12:43:00.287 info Netsdk:44357 6228:34932 dhnetsdk.cpp:7162]Enter CLIENT_GetLastError.
[2020-10-17T12:43:00.287 info Netsdk:44357 6228:34932 dhnetsdk.cpp:7165]Leave CLIENT_GetLastError.[Error code=80000066.]
[2020-10-17T12:43:00.288 info Netsdk:44357 6228:34932 dhnetsdk.cpp:7162]Enter CLIENT_GetLastError.
[2020-10-17T12:43:00.288 info Netsdk:44357 6228:34932 dhnetsdk.cpp:7165]Leave CLIENT_GetLastError.[Error code=80000066.]
