Begin Time:2020-10-22T19:36:26.114
[2020-10-22T19:36:26.114 info Netsdk:44357 9612:26660 AVNetSDKMgr.cpp:376]Load avnetsdk library dynamically
[2020-10-22T19:36:26.123 info Netsdk:44357 9612:26660 AVNetSDKMgr.cpp:400]avnetsdk module handle: 000000001ED60000

[2020-10-22T19:36:26.123 info Netsdk:44357 9612:26660 AVNetSDKMgr.cpp:730]Load configsdk dynamically
[2020-10-22T19:36:26.127 info Netsdk:44357 9612:26660 dhnetsdk.cpp:190]Enter CLIENT_SetAutoReconnect:[cbAutoConnect=0000000002630050, dwUser=0000000000000000].
[2020-10-22T19:36:26.127 info Netsdk:44357 9612:26660 dhnetsdk.cpp:192]Leave CLIENT_SetAutoReconnect.
[2020-10-22T19:36:26.127 info Netsdk:44357 9612:26660 dhnetsdk.cpp:210]Enter CLIENT_SetConnectTime:[nWaitTime=5000, nTryTimes=1].
[2020-10-22T19:36:26.127 info Netsdk:44357 9612:26660 dhnetsdk.cpp:223]Leave CLIENT_SetConnectTime.
[2020-10-22T19:36:26.128 info Netsdk:44357 9612:26660 dhnetsdk.cpp:34041]Enter CLIENT_SetGDPREnable.[bEnable=-1]
[2020-10-22T19:36:26.128 info Netsdk:44357 9612:26660 dhnetsdk.cpp:34045]Leave CLIENT_SetGDPREnable.
[2020-10-22T19:36:26.128 info Netsdk:44357 9612:26660 dhnetsdk.cpp:234]Enter CLIENT_SetNetworkParam:[nWaittime=0, nConnectTime=10000, nConnectTryNum=0, nSubConnectSpaceTime=0, nGetDevInfoTime=0, nConnectBufSize=0, nGetConnInfoTime=3000, nSearchRecordTime=0, nsubDisconnetTime=0, byNetType=0, byPlaybackBufSize=0, bDetectDisconnTime=0, bKeepLifeInterval=0, nPicBufSize=0].
[2020-10-22T19:36:26.128 info Netsdk:44357 9612:26660 dhnetsdk.cpp:249]Leave CLIENT_SetNetworkParam.
[2020-10-22T19:36:26.130 info Netsdk:44357 9612:26660 dhnetsdk.cpp:809]Enter CLIENT_LoginWithHighLevelSecurity. pstInParam:00000000006D3080, pstOutParam:00000000006DB7E0.
[2020-10-22T19:36:26.130 info Netsdk:44357 9612:26660 dhnetsdk.cpp:825]IP:10.12.44.21, port:37777, SpeCap:0, CapParam:0000000000000000.
[2020-10-22T19:36:26.494 info Netsdk:44357 9612:26660 dhnetsdk.cpp:871]Leave CLIENT_LoginWithHighLevelSecurity. error:0, login ID:474807424.
[2020-10-22T19:36:26.497 info Netsdk:44357 9612:26660 dhnetsdk.cpp:9309]Enter CLIENT_RealLoadPictureEx. lLoginID:474807424, nChannelID:0, dwAlarmType:1, bNeedPicFile:1, cbAnalyzerData:0000000002630090, dwUser:0000000000000000, Reserved:0000000000000000.
[2020-10-22T19:36:26.499 info Netsdk:44357 9612:26660 Utils.cpp:4815]mutil NIC client
[2020-10-22T19:36:26.513 info Netsdk:44357 9612:26660 DevConfigEx.cpp:10086]IN SetupSession PORT=0 and PORT: 37777
[2020-10-22T19:36:26.551 info Netsdk:44357 9612:26660 dhnetsdk.cpp:9328]Leave CLIENT_RealLoadPictureEx. ret:474831504.
[2020-10-22T19:36:26.551 info Netsdk:44357 9612:26660 dhnetsdk.cpp:136]Enter CLIENT_InitEx:[cbDisConnect=0000000002630010, dwUser=0000000000000000, lpInitParam=0000000000000000].
[2020-10-22T19:36:26.551 info Netsdk:44357 9612:26660 AVNetSDKMgr.cpp:683]Test avnetsdk module handle: 000000001ED60000

[2020-10-22T19:36:26.551 info Netsdk:44357 9612:26660 dhnetsdk.cpp:159]Leave CLIENT_InitEx.
[2020-10-22T19:36:26.560 info Netsdk:44357 9612:26660 Manager.cpp:13590]-------------------Log file reset, log number:10-log size:10240------------------
Begin Time:2020-10-22T19:36:26.566
[2020-10-22T19:36:26.566 info Netsdk:44357 9612:26660 dhnetsdk.cpp:190]Enter CLIENT_SetAutoReconnect:[cbAutoConnect=0000000002630050, dwUser=0000000000000000].
[2020-10-22T19:36:26.566 info Netsdk:44357 9612:26660 dhnetsdk.cpp:192]Leave CLIENT_SetAutoReconnect.
[2020-10-22T19:36:26.566 info Netsdk:44357 9612:26660 dhnetsdk.cpp:210]Enter CLIENT_SetConnectTime:[nWaitTime=5000, nTryTimes=1].
[2020-10-22T19:36:26.566 info Netsdk:44357 9612:26660 dhnetsdk.cpp:223]Leave CLIENT_SetConnectTime.
[2020-10-22T19:36:26.566 info Netsdk:44357 9612:26660 dhnetsdk.cpp:34041]Enter CLIENT_SetGDPREnable.[bEnable=-1]
[2020-10-22T19:36:26.566 info Netsdk:44357 9612:26660 dhnetsdk.cpp:34045]Leave CLIENT_SetGDPREnable.
[2020-10-22T19:36:26.567 info Netsdk:44357 9612:26660 dhnetsdk.cpp:234]Enter CLIENT_SetNetworkParam:[nWaittime=0, nConnectTime=10000, nConnectTryNum=0, nSubConnectSpaceTime=0, nGetDevInfoTime=0, nConnectBufSize=0, nGetConnInfoTime=3000, nSearchRecordTime=0, nsubDisconnetTime=0, byNetType=0, byPlaybackBufSize=0, bDetectDisconnTime=0, bKeepLifeInterval=0, nPicBufSize=0].
[2020-10-22T19:36:26.567 info Netsdk:44357 9612:26660 dhnetsdk.cpp:249]Leave CLIENT_SetNetworkParam.
[2020-10-22T19:36:26.568 info Netsdk:44357 9612:26660 dhnetsdk.cpp:809]Enter CLIENT_LoginWithHighLevelSecurity. pstInParam:000000000074DAF0, pstOutParam:00000000006DABE0.
[2020-10-22T19:36:26.568 info Netsdk:44357 9612:26660 dhnetsdk.cpp:825]IP:10.12.44.21, port:37777, SpeCap:0, CapParam:0000000000000000.
[2020-10-22T19:36:26.690 info Netsdk:44357 9612:26660 dhnetsdk.cpp:871]Leave CLIENT_LoginWithHighLevelSecurity. error:0, login ID:561238208.
[2020-10-22T19:36:26.690 info Netsdk:44357 9612:26660 dhnetsdk.cpp:9309]Enter CLIENT_RealLoadPictureEx. lLoginID:561238208, nChannelID:0, dwAlarmType:1, bNeedPicFile:1, cbAnalyzerData:00000000026300D0, dwUser:0000000000000000, Reserved:0000000000000000.
[2020-10-22T19:36:26.692 info Netsdk:44357 9612:26660 Utils.cpp:4815]mutil NIC client
[2020-10-22T19:36:26.701 info Netsdk:44357 9612:26660 DevConfigEx.cpp:10086]IN SetupSession PORT=0 and PORT: 37777
[2020-10-22T19:36:26.721 info Netsdk:44357 9612:26660 dhnetsdk.cpp:9328]Leave CLIENT_RealLoadPictureEx. ret:561324256.
