Begin Time:2020-10-22T16:17:27.594
[2020-10-22T16:17:27.594 info Netsdk:44357 8024:23724 AVNetSDKMgr.cpp:376]Load avnetsdk library dynamically
[2020-10-22T16:17:27.604 info Netsdk:44357 8024:23724 AVNetSDKMgr.cpp:400]avnetsdk module handle: 000000001F980000

[2020-10-22T16:17:27.604 info Netsdk:44357 8024:23724 AVNetSDKMgr.cpp:730]Load configsdk dynamically
[2020-10-22T16:17:27.609 info Netsdk:44357 8024:23724 dhnetsdk.cpp:190]Enter CLIENT_SetAutoReconnect:[cbAutoConnect=000000001CE90050, dwUser=0000000000000000].
[2020-10-22T16:17:27.609 info Netsdk:44357 8024:23724 dhnetsdk.cpp:192]Leave CLIENT_SetAutoReconnect.
[2020-10-22T16:17:27.609 info Netsdk:44357 8024:23724 dhnetsdk.cpp:210]Enter CLIENT_SetConnectTime:[nWaitTime=5000, nTryTimes=1].
[2020-10-22T16:17:27.610 info Netsdk:44357 8024:23724 dhnetsdk.cpp:223]Leave CLIENT_SetConnectTime.
[2020-10-22T16:17:27.610 info Netsdk:44357 8024:23724 dhnetsdk.cpp:34041]Enter CLIENT_SetGDPREnable.[bEnable=-1]
[2020-10-22T16:17:27.610 info Netsdk:44357 8024:23724 dhnetsdk.cpp:34045]Leave CLIENT_SetGDPREnable.
[2020-10-22T16:17:27.611 info Netsdk:44357 8024:23724 dhnetsdk.cpp:234]Enter CLIENT_SetNetworkParam:[nWaittime=0, nConnectTime=10000, nConnectTryNum=0, nSubConnectSpaceTime=0, nGetDevInfoTime=0, nConnectBufSize=0, nGetConnInfoTime=3000, nSearchRecordTime=0, nsubDisconnetTime=0, byNetType=0, byPlaybackBufSize=0, bDetectDisconnTime=0, bKeepLifeInterval=0, nPicBufSize=0].
[2020-10-22T16:17:27.611 info Netsdk:44357 8024:23724 dhnetsdk.cpp:249]Leave CLIENT_SetNetworkParam.
[2020-10-22T16:17:27.614 info Netsdk:44357 8024:23724 dhnetsdk.cpp:809]Enter CLIENT_LoginWithHighLevelSecurity. pstInParam:00000000013B6620, pstOutParam:0000000001371A20.
[2020-10-22T16:17:27.614 info Netsdk:44357 8024:23724 dhnetsdk.cpp:825]IP:10.12.44.21, port:37777, SpeCap:0, CapParam:0000000000000000.
[2020-10-22T16:17:27.739 info Netsdk:44357 8024:23724 dhnetsdk.cpp:871]Leave CLIENT_LoginWithHighLevelSecurity. error:0, login ID:486471728.
[2020-10-22T16:17:27.743 info Netsdk:44357 8024:23724 dhnetsdk.cpp:9309]Enter CLIENT_RealLoadPictureEx. lLoginID:486471728, nChannelID:0, dwAlarmType:1, bNeedPicFile:1, cbAnalyzerData:000000001CE90090, dwUser:0000000000000000, Reserved:0000000000000000.
[2020-10-22T16:17:27.746 info Netsdk:44357 8024:23724 Utils.cpp:4815]mutil NIC client
[2020-10-22T16:17:27.755 info Netsdk:44357 8024:23724 DevConfigEx.cpp:10086]IN SetupSession PORT=0 and PORT: 37777
[2020-10-22T16:17:27.777 info Netsdk:44357 8024:23724 dhnetsdk.cpp:9328]Leave CLIENT_RealLoadPictureEx. ret:486496848.
[2020-10-22T16:17:27.777 info Netsdk:44357 8024:23724 dhnetsdk.cpp:136]Enter CLIENT_InitEx:[cbDisConnect=000000001CE90010, dwUser=0000000000000000, lpInitParam=0000000000000000].
[2020-10-22T16:17:27.777 info Netsdk:44357 8024:23724 AVNetSDKMgr.cpp:683]Test avnetsdk module handle: 000000001F980000

[2020-10-22T16:17:27.777 info Netsdk:44357 8024:23724 dhnetsdk.cpp:159]Leave CLIENT_InitEx.
[2020-10-22T16:17:27.778 info Netsdk:44357 8024:23724 Manager.cpp:13590]-------------------Log file reset, log number:10-log size:10240------------------
Begin Time:2020-10-22T16:17:27.780
[2020-10-22T16:17:27.780 info Netsdk:44357 8024:23724 dhnetsdk.cpp:190]Enter CLIENT_SetAutoReconnect:[cbAutoConnect=000000001CE90050, dwUser=0000000000000000].
[2020-10-22T16:17:27.780 info Netsdk:44357 8024:23724 dhnetsdk.cpp:192]Leave CLIENT_SetAutoReconnect.
[2020-10-22T16:17:27.780 info Netsdk:44357 8024:23724 dhnetsdk.cpp:210]Enter CLIENT_SetConnectTime:[nWaitTime=5000, nTryTimes=1].
[2020-10-22T16:17:27.780 info Netsdk:44357 8024:23724 dhnetsdk.cpp:223]Leave CLIENT_SetConnectTime.
[2020-10-22T16:17:27.780 info Netsdk:44357 8024:23724 dhnetsdk.cpp:34041]Enter CLIENT_SetGDPREnable.[bEnable=-1]
[2020-10-22T16:17:27.780 info Netsdk:44357 8024:23724 dhnetsdk.cpp:34045]Leave CLIENT_SetGDPREnable.
[2020-10-22T16:17:27.780 info Netsdk:44357 8024:23724 dhnetsdk.cpp:234]Enter CLIENT_SetNetworkParam:[nWaittime=0, nConnectTime=10000, nConnectTryNum=0, nSubConnectSpaceTime=0, nGetDevInfoTime=0, nConnectBufSize=0, nGetConnInfoTime=3000, nSearchRecordTime=0, nsubDisconnetTime=0, byNetType=0, byPlaybackBufSize=0, bDetectDisconnTime=0, bKeepLifeInterval=0, nPicBufSize=0].
[2020-10-22T16:17:27.780 info Netsdk:44357 8024:23724 dhnetsdk.cpp:249]Leave CLIENT_SetNetworkParam.
[2020-10-22T16:17:27.781 info Netsdk:44357 8024:23724 dhnetsdk.cpp:809]Enter CLIENT_LoginWithHighLevelSecurity. pstInParam:00000000013B6700, pstOutParam:0000000001372620.
[2020-10-22T16:17:27.781 info Netsdk:44357 8024:23724 dhnetsdk.cpp:825]IP:10.12.44.21, port:37777, SpeCap:0, CapParam:0000000000000000.
[2020-10-22T16:17:27.956 info Netsdk:44357 8024:23724 dhnetsdk.cpp:871]Leave CLIENT_LoginWithHighLevelSecurity. error:0, login ID:575822016.
[2020-10-22T16:17:27.957 info Netsdk:44357 8024:23724 dhnetsdk.cpp:9309]Enter CLIENT_RealLoadPictureEx. lLoginID:575822016, nChannelID:0, dwAlarmType:1, bNeedPicFile:1, cbAnalyzerData:000000001CE900D0, dwUser:0000000000000000, Reserved:0000000000000000.
[2020-10-22T16:17:27.958 info Netsdk:44357 8024:23724 Utils.cpp:4815]mutil NIC client
[2020-10-22T16:17:27.963 info Netsdk:44357 8024:23724 DevConfigEx.cpp:10086]IN SetupSession PORT=0 and PORT: 37777
[2020-10-22T16:17:27.985 info Netsdk:44357 8024:23724 dhnetsdk.cpp:9328]Leave CLIENT_RealLoadPictureEx. ret:575878672.
