Begin Time:2020-10-24T11:16:23.478
[2020-10-24T11:16:23.479 info Netsdk:44357 236:25840 AVNetSDKMgr.cpp:376]Load avnetsdk library dynamically
[2020-10-24T11:16:23.492 info Netsdk:44357 236:25840 AVNetSDKMgr.cpp:400]avnetsdk module handle: 000000001F6E0000

[2020-10-24T11:16:23.492 info Netsdk:44357 236:25840 AVNetSDKMgr.cpp:730]Load configsdk dynamically
[2020-10-24T11:16:23.497 info Netsdk:44357 236:25840 dhnetsdk.cpp:190]Enter CLIENT_SetAutoReconnect:[cbAutoConnect=00000000199D0050, dwUser=0000000000000000].
[2020-10-24T11:16:23.497 info Netsdk:44357 236:25840 dhnetsdk.cpp:192]Leave CLIENT_SetAutoReconnect.
[2020-10-24T11:16:23.497 info Netsdk:44357 236:25840 dhnetsdk.cpp:210]Enter CLIENT_SetConnectTime:[nWaitTime=5000, nTryTimes=1].
[2020-10-24T11:16:23.500 info Netsdk:44357 236:25840 dhnetsdk.cpp:223]Leave CLIENT_SetConnectTime.
[2020-10-24T11:16:23.500 info Netsdk:44357 236:25840 dhnetsdk.cpp:34041]Enter CLIENT_SetGDPREnable.[bEnable=-1]
[2020-10-24T11:16:23.500 info Netsdk:44357 236:25840 dhnetsdk.cpp:34045]Leave CLIENT_SetGDPREnable.
[2020-10-24T11:16:23.501 info Netsdk:44357 236:25840 dhnetsdk.cpp:234]Enter CLIENT_SetNetworkParam:[nWaittime=0, nConnectTime=10000, nConnectTryNum=0, nSubConnectSpaceTime=0, nGetDevInfoTime=0, nConnectBufSize=0, nGetConnInfoTime=3000, nSearchRecordTime=0, nsubDisconnetTime=0, byNetType=0, byPlaybackBufSize=0, bDetectDisconnTime=0, bKeepLifeInterval=0, nPicBufSize=0].
[2020-10-24T11:16:23.501 info Netsdk:44357 236:25840 dhnetsdk.cpp:249]Leave CLIENT_SetNetworkParam.
[2020-10-24T11:16:23.505 info Netsdk:44357 236:25840 dhnetsdk.cpp:809]Enter CLIENT_LoginWithHighLevelSecurity. pstInParam:0000000000C8FC30, pstOutParam:0000000000C85F90.
[2020-10-24T11:16:23.505 info Netsdk:44357 236:25840 dhnetsdk.cpp:825]IP:10.12.44.21, port:37777, SpeCap:0, CapParam:0000000000000000.
[2020-10-24T11:16:23.626 info Netsdk:44357 236:25840 dhnetsdk.cpp:871]Leave CLIENT_LoginWithHighLevelSecurity. error:0, login ID:483064960.
[2020-10-24T11:16:23.630 info Netsdk:44357 236:25840 dhnetsdk.cpp:9309]Enter CLIENT_RealLoadPictureEx. lLoginID:483064960, nChannelID:0, dwAlarmType:1, bNeedPicFile:1, cbAnalyzerData:00000000199D0090, dwUser:0000000000000000, Reserved:0000000000000000.
[2020-10-24T11:16:23.633 info Netsdk:44357 236:25840 Utils.cpp:4815]mutil NIC client
[2020-10-24T11:16:23.650 info Netsdk:44357 236:25840 DevConfigEx.cpp:10086]IN SetupSession PORT=0 and PORT: 37777
[2020-10-24T11:16:23.662 info Netsdk:44357 236:25840 dhnetsdk.cpp:9328]Leave CLIENT_RealLoadPictureEx. ret:483084608.
[2020-10-24T11:39:58.829 error Netsdk:44357 236:14776 TPIOCPMultiplexer.cpp:119]receive data result, GetQueuedCompletionStatus error:1236
[2020-10-24T11:39:58.830 error Netsdk:44357 236:22928 TPIOCPMultiplexer.cpp:119]receive data result, GetQueuedCompletionStatus error:1236
[2020-10-24T11:39:58.830 error Netsdk:44357 236:14776 TPObject.cpp:102]Receive error, ret:-1, err:10054
[2020-10-24T11:39:58.830 error Netsdk:44357 236:14776 TPTCPClient.cpp:142]Receive to iocp error
[2020-10-24T11:39:58.830 error Netsdk:44357 236:14776 TPTCPClient.cpp:184]Disconnect, ip:10.12.44.21, port is 37777
[2020-10-24T11:39:58.830 error Netsdk:44357 236:22928 TPObject.cpp:102]Receive error, ret:-1, err:10054
[2020-10-24T11:39:58.830 error Netsdk:44357 236:22928 TPTCPClient.cpp:142]Receive to iocp error
[2020-10-24T11:39:58.830 error Netsdk:44357 236:22928 TPTCPClient.cpp:184]Disconnect, ip:10.12.44.21, port is 37777
