Begin Time:2020-10-26T17:08:58.806
[2020-10-26T17:08:58.807 info Netsdk:44357 27744:19216 AVNetSDKMgr.cpp:376]Load avnetsdk library dynamically
[2020-10-26T17:08:58.819 info Netsdk:44357 27744:19216 AVNetSDKMgr.cpp:400]avnetsdk module handle: 000000001F260000

[2020-10-26T17:08:58.819 info Netsdk:44357 27744:19216 AVNetSDKMgr.cpp:730]Load configsdk dynamically
[2020-10-26T17:08:58.826 info Netsdk:44357 27744:19216 dhnetsdk.cpp:190]Enter CLIENT_SetAutoReconnect:[cbAutoConnect=0000000019310050, dwUser=0000000000000000].
[2020-10-26T17:08:58.826 info Netsdk:44357 27744:19216 dhnetsdk.cpp:192]Leave CLIENT_SetAutoReconnect.
[2020-10-26T17:08:58.827 info Netsdk:44357 27744:19216 dhnetsdk.cpp:210]Enter CLIENT_SetConnectTime:[nWaitTime=5000, nTryTimes=1].
[2020-10-26T17:08:58.827 info Netsdk:44357 27744:19216 dhnetsdk.cpp:223]Leave CLIENT_SetConnectTime.
[2020-10-26T17:08:58.828 info Netsdk:44357 27744:19216 dhnetsdk.cpp:34041]Enter CLIENT_SetGDPREnable.[bEnable=-1]
[2020-10-26T17:08:58.828 info Netsdk:44357 27744:19216 dhnetsdk.cpp:34045]Leave CLIENT_SetGDPREnable.
[2020-10-26T17:08:58.829 info Netsdk:44357 27744:19216 dhnetsdk.cpp:234]Enter CLIENT_SetNetworkParam:[nWaittime=0, nConnectTime=10000, nConnectTryNum=0, nSubConnectSpaceTime=0, nGetDevInfoTime=0, nConnectBufSize=0, nGetConnInfoTime=3000, nSearchRecordTime=0, nsubDisconnetTime=0, byNetType=0, byPlaybackBufSize=0, bDetectDisconnTime=0, bKeepLifeInterval=0, nPicBufSize=0].
[2020-10-26T17:08:58.829 info Netsdk:44357 27744:19216 dhnetsdk.cpp:249]Leave CLIENT_SetNetworkParam.
[2020-10-26T17:08:58.832 info Netsdk:44357 27744:19216 dhnetsdk.cpp:809]Enter CLIENT_LoginWithHighLevelSecurity. pstInParam:000000001C2F2980, pstOutParam:000000001C2E12D0.
[2020-10-26T17:08:58.832 info Netsdk:44357 27744:19216 dhnetsdk.cpp:825]IP:10.12.44.21, port:37777, SpeCap:0, CapParam:0000000000000000.
[2020-10-26T17:08:58.958 info Netsdk:44357 27744:19216 dhnetsdk.cpp:871]Leave CLIENT_LoginWithHighLevelSecurity. error:0, login ID:480049152.
[2020-10-26T17:08:58.962 info Netsdk:44357 27744:19216 dhnetsdk.cpp:9309]Enter CLIENT_RealLoadPictureEx. lLoginID:480049152, nChannelID:0, dwAlarmType:1, bNeedPicFile:1, cbAnalyzerData:0000000019310090, dwUser:0000000000000000, Reserved:0000000000000000.
[2020-10-26T17:08:58.966 info Netsdk:44357 27744:19216 Utils.cpp:4815]mutil NIC client
[2020-10-26T17:08:58.971 info Netsdk:44357 27744:19216 DevConfigEx.cpp:10086]IN SetupSession PORT=0 and PORT: 37777
[2020-10-26T17:08:58.990 info Netsdk:44357 27744:19216 dhnetsdk.cpp:9328]Leave CLIENT_RealLoadPictureEx. ret:480074080.
[2020-10-26T19:25:17.964 error Netsdk:44357 27744:28552 TPIOCPMultiplexer.cpp:119]receive data result, GetQueuedCompletionStatus error:1236
[2020-10-26T19:25:17.965 error Netsdk:44357 27744:28552 TPObject.cpp:102]Receive error, ret:-1, err:10054
[2020-10-26T19:25:17.965 error Netsdk:44357 27744:28552 TPTCPClient.cpp:142]Receive to iocp error
[2020-10-26T19:25:17.965 error Netsdk:44357 27744:28552 TPTCPClient.cpp:184]Disconnect, ip:10.12.44.21, port is 37777
[2020-10-26T19:25:17.966 error Netsdk:44357 27744:29508 TPIOCPMultiplexer.cpp:119]receive data result, GetQueuedCompletionStatus error:1236
[2020-10-26T19:25:17.966 error Netsdk:44357 27744:29508 TPObject.cpp:102]Receive error, ret:-1, err:10054
[2020-10-26T19:25:17.966 error Netsdk:44357 27744:29508 TPTCPClient.cpp:142]Receive to iocp error
[2020-10-26T19:25:17.966 error Netsdk:44357 27744:29508 TPTCPClient.cpp:184]Disconnect, ip:10.12.44.21, port is 37777
[2020-10-26T19:25:48.185 error Netsdk:44357 27744:29508 TPIOCPMultiplexer.cpp:119]receive data result, GetQueuedCompletionStatus error:1236
[2020-10-26T19:25:48.185 error Netsdk:44357 27744:29508 TPObject.cpp:102]Receive error, ret:-1, err:10054
[2020-10-26T19:25:48.185 error Netsdk:44357 27744:29508 TPTCPClient.cpp:142]Receive to iocp error
[2020-10-26T19:25:48.185 error Netsdk:44357 27744:29508 TPTCPClient.cpp:184]Disconnect, ip:10.12.44.21, port is 37777
[2020-10-26T19:25:48.185 error Netsdk:44357 27744:28552 TPIOCPMultiplexer.cpp:119]receive data result, GetQueuedCompletionStatus error:1236
[2020-10-26T19:25:48.185 error Netsdk:44357 27744:28552 TPObject.cpp:102]Receive error, ret:-1, err:10054
[2020-10-26T19:25:48.185 error Netsdk:44357 27744:28552 TPTCPClient.cpp:142]Receive to iocp error
[2020-10-26T19:25:48.185 error Netsdk:44357 27744:28552 TPTCPClient.cpp:184]Disconnect, ip:10.12.44.21, port is 37777
