Begin Time:2020-10-17T12:47:16.722
[2020-10-17T12:47:16.723 info Netsdk:44357 30872:33068 AVNetSDKMgr.cpp:376]Load avnetsdk library dynamically
[2020-10-17T12:47:16.734 info Netsdk:44357 30872:33068 AVNetSDKMgr.cpp:400]avnetsdk module handle: 000000001E9C0000

[2020-10-17T12:47:16.734 info Netsdk:44357 30872:33068 AVNetSDKMgr.cpp:730]Load configsdk dynamically
[2020-10-17T12:47:16.738 info Netsdk:44357 30872:33068 dhnetsdk.cpp:190]Enter CLIENT_SetAutoReconnect:[cbAutoConnect=000000001AC90050, dwUser=0000000000000000].
[2020-10-17T12:47:16.738 info Netsdk:44357 30872:33068 dhnetsdk.cpp:192]Leave CLIENT_SetAutoReconnect.
[2020-10-17T12:47:16.738 info Netsdk:44357 30872:33068 dhnetsdk.cpp:210]Enter CLIENT_SetConnectTime:[nWaitTime=5000, nTryTimes=1].
[2020-10-17T12:47:16.739 info Netsdk:44357 30872:33068 dhnetsdk.cpp:223]Leave CLIENT_SetConnectTime.
[2020-10-17T12:47:16.739 info Netsdk:44357 30872:33068 dhnetsdk.cpp:34041]Enter CLIENT_SetGDPREnable.[bEnable=-1]
[2020-10-17T12:47:16.739 info Netsdk:44357 30872:33068 dhnetsdk.cpp:34045]Leave CLIENT_SetGDPREnable.
[2020-10-17T12:47:16.740 info Netsdk:44357 30872:33068 dhnetsdk.cpp:234]Enter CLIENT_SetNetworkParam:[nWaittime=0, nConnectTime=10000, nConnectTryNum=0, nSubConnectSpaceTime=0, nGetDevInfoTime=0, nConnectBufSize=0, nGetConnInfoTime=3000, nSearchRecordTime=0, nsubDisconnetTime=0, byNetType=0, byPlaybackBufSize=0, bDetectDisconnTime=0, bKeepLifeInterval=0, nPicBufSize=0].
[2020-10-17T12:47:16.740 info Netsdk:44357 30872:33068 dhnetsdk.cpp:249]Leave CLIENT_SetNetworkParam.
[2020-10-17T12:47:16.743 info Netsdk:44357 30872:33068 dhnetsdk.cpp:809]Enter CLIENT_LoginWithHighLevelSecurity. pstInParam:00000000007C29E0, pstOutParam:00000000007F45B0.
[2020-10-17T12:47:16.743 info Netsdk:44357 30872:33068 dhnetsdk.cpp:825]IP:192.168.123.234, port:80, SpeCap:0, CapParam:0000000000000000.
[2020-10-17T12:47:21.745 error Netsdk:44357 30872:33068 dhdevprob.cpp:2092]Wait for result err:258
[2020-10-17T12:47:21.745 error Netsdk:44357 30872:33068 dhdevprob.cpp:2437]Login failed, Failed to send login data
[2020-10-17T12:47:21.745 error Netsdk:44357 30872:33068 Manager.cpp:8127]device is NULL
[2020-10-17T12:47:21.745 error Netsdk:44357 30872:33068 Manager.cpp:8228]Login device failed, errorcode:3!
[2020-10-17T12:47:21.745 error Netsdk:44357 30872:33068 dhnetsdk.cpp:867]Login failed, ip:192.168.123.234, port:80, specCap:0!
[2020-10-17T12:47:21.745 info Netsdk:44357 30872:33068 dhnetsdk.cpp:871]Leave CLIENT_LoginWithHighLevelSecurity. error:3, login ID:0.
[2020-10-17T12:47:21.747 info Netsdk:44357 30872:33068 dhnetsdk.cpp:7162]Enter CLIENT_GetLastError.
[2020-10-17T12:47:21.747 info Netsdk:44357 30872:33068 dhnetsdk.cpp:7165]Leave CLIENT_GetLastError.[Error code=80000066.]
[2020-10-17T12:47:21.747 info Netsdk:44357 30872:33068 dhnetsdk.cpp:7162]Enter CLIENT_GetLastError.
[2020-10-17T12:47:21.747 info Netsdk:44357 30872:33068 dhnetsdk.cpp:7165]Leave CLIENT_GetLastError.[Error code=80000066.]
[2020-10-17T12:47:21.748 info Netsdk:44357 30872:33068 dhnetsdk.cpp:7162]Enter CLIENT_GetLastError.
[2020-10-17T12:47:21.748 info Netsdk:44357 30872:33068 dhnetsdk.cpp:7165]Leave CLIENT_GetLastError.[Error code=80000066.]
[2020-10-17T12:47:21.748 info Netsdk:44357 30872:33068 dhnetsdk.cpp:7162]Enter CLIENT_GetLastError.
[2020-10-17T12:47:21.748 info Netsdk:44357 30872:33068 dhnetsdk.cpp:7165]Leave CLIENT_GetLastError.[Error code=80000066.]
