Begin Time:2020-11-01T14:27:41.821
[2020-11-01T14:27:41.821 info Netsdk:44357 12360:16004 dhnetsdk.cpp:190]Enter CLIENT_SetAutoReconnect:[cbAutoConnect=0000000019C80050, dwUser=0000000000000000].
[2020-11-01T14:27:41.821 info Netsdk:44357 12360:16004 dhnetsdk.cpp:192]Leave CLIENT_SetAutoReconnect.
[2020-11-01T14:27:41.821 info Netsdk:44357 12360:16004 dhnetsdk.cpp:210]Enter CLIENT_SetConnectTime:[nWaitTime=5000, nTryTimes=1].
[2020-11-01T14:27:41.821 info Netsdk:44357 12360:16004 dhnetsdk.cpp:223]Leave CLIENT_SetConnectTime.
[2020-11-01T14:27:41.821 info Netsdk:44357 12360:16004 dhnetsdk.cpp:34041]Enter CLIENT_SetGDPREnable.[bEnable=-1]
[2020-11-01T14:27:41.821 info Netsdk:44357 12360:16004 dhnetsdk.cpp:34045]Leave CLIENT_SetGDPREnable.
[2020-11-01T14:27:41.822 info Netsdk:44357 12360:16004 dhnetsdk.cpp:234]Enter CLIENT_SetNetworkParam:[nWaittime=0, nConnectTime=10000, nConnectTryNum=0, nSubConnectSpaceTime=0, nGetDevInfoTime=0, nConnectBufSize=0, nGetConnInfoTime=3000, nSearchRecordTime=0, nsubDisconnetTime=0, byNetType=0, byPlaybackBufSize=0, bDetectDisconnTime=0, bKeepLifeInterval=0, nPicBufSize=0].
[2020-11-01T14:27:41.822 info Netsdk:44357 12360:16004 dhnetsdk.cpp:249]Leave CLIENT_SetNetworkParam.
[2020-11-01T14:27:41.824 info Netsdk:44357 12360:16004 dhnetsdk.cpp:809]Enter CLIENT_LoginWithHighLevelSecurity. pstInParam:0000000001052010, pstOutParam:000000000104A4D0.
[2020-11-01T14:27:41.824 info Netsdk:44357 12360:16004 dhnetsdk.cpp:825]IP:10.181.21.91, port:37777, SpeCap:0, CapParam:0000000000000000.
[2020-11-01T14:27:51.826 error Netsdk:44357 12360:16004 TPTCPClient.cpp:392]Connect host failed, ip:10.181.21.91
[2020-11-01T14:27:51.826 error Netsdk:44357 12360:16004 dhdevprob.cpp:2357]Login failed, Failed to create main connection
[2020-11-01T14:27:51.826 error Netsdk:44357 12360:16004 Manager.cpp:8127]device is NULL
[2020-11-01T14:27:51.826 error Netsdk:44357 12360:16004 Manager.cpp:8228]Login device failed, errorcode:9!
[2020-11-01T14:27:51.826 error Netsdk:44357 12360:16004 dhnetsdk.cpp:867]Login failed, ip:10.181.21.91, port:37777, specCap:0!
[2020-11-01T14:27:51.826 info Netsdk:44357 12360:16004 dhnetsdk.cpp:871]Leave CLIENT_LoginWithHighLevelSecurity. error:9, login ID:0.
[2020-11-01T14:27:51.826 info Netsdk:44357 12360:16004 dhnetsdk.cpp:7162]Enter CLIENT_GetLastError.
[2020-11-01T14:27:51.826 info Netsdk:44357 12360:16004 dhnetsdk.cpp:7165]Leave CLIENT_GetLastError.[Error code=8000006b.]
[2020-11-01T14:27:51.826 info Netsdk:44357 12360:16004 dhnetsdk.cpp:7162]Enter CLIENT_GetLastError.
[2020-11-01T14:27:51.826 info Netsdk:44357 12360:16004 dhnetsdk.cpp:7165]Leave CLIENT_GetLastError.[Error code=8000006b.]
[2020-11-01T14:27:51.826 info Netsdk:44357 12360:16004 dhnetsdk.cpp:136]Enter CLIENT_InitEx:[cbDisConnect=0000000019C80010, dwUser=0000000000000000, lpInitParam=0000000000000000].
[2020-11-01T14:27:51.826 info Netsdk:44357 12360:16004 AVNetSDKMgr.cpp:683]Test avnetsdk module handle: 000000001FC10000

[2020-11-01T14:27:51.826 info Netsdk:44357 12360:16004 dhnetsdk.cpp:159]Leave CLIENT_InitEx.
[2020-11-01T14:27:51.827 info Netsdk:44357 12360:16004 Manager.cpp:13590]-------------------Log file reset, log number:10-log size:10240------------------
