Begin Time:2020-10-26T20:39:47.785
[2020-10-26T20:39:47.786 info Netsdk:44357 27920:9100 AVNetSDKMgr.cpp:376]Load avnetsdk library dynamically
[2020-10-26T20:39:47.795 info Netsdk:44357 27920:9100 AVNetSDKMgr.cpp:400]avnetsdk module handle: 000000001F5E0000

[2020-10-26T20:39:47.795 info Netsdk:44357 27920:9100 AVNetSDKMgr.cpp:730]Load configsdk dynamically
[2020-10-26T20:39:47.801 info Netsdk:44357 27920:9100 dhnetsdk.cpp:190]Enter CLIENT_SetAutoReconnect:[cbAutoConnect=00000000197C0050, dwUser=0000000000000000].
[2020-10-26T20:39:47.801 info Netsdk:44357 27920:9100 dhnetsdk.cpp:192]Leave CLIENT_SetAutoReconnect.
[2020-10-26T20:39:47.801 info Netsdk:44357 27920:9100 dhnetsdk.cpp:210]Enter CLIENT_SetConnectTime:[nWaitTime=5000, nTryTimes=1].
[2020-10-26T20:39:47.801 info Netsdk:44357 27920:9100 dhnetsdk.cpp:223]Leave CLIENT_SetConnectTime.
[2020-10-26T20:39:47.802 info Netsdk:44357 27920:9100 dhnetsdk.cpp:34041]Enter CLIENT_SetGDPREnable.[bEnable=-1]
[2020-10-26T20:39:47.803 info Netsdk:44357 27920:9100 dhnetsdk.cpp:34045]Leave CLIENT_SetGDPREnable.
[2020-10-26T20:39:47.803 info Netsdk:44357 27920:9100 dhnetsdk.cpp:234]Enter CLIENT_SetNetworkParam:[nWaittime=0, nConnectTime=10000, nConnectTryNum=0, nSubConnectSpaceTime=0, nGetDevInfoTime=0, nConnectBufSize=0, nGetConnInfoTime=3000, nSearchRecordTime=0, nsubDisconnetTime=0, byNetType=0, byPlaybackBufSize=0, bDetectDisconnTime=0, bKeepLifeInterval=0, nPicBufSize=0].
[2020-10-26T20:39:47.803 info Netsdk:44357 27920:9100 dhnetsdk.cpp:249]Leave CLIENT_SetNetworkParam.
[2020-10-26T20:39:47.805 info Netsdk:44357 27920:9100 dhnetsdk.cpp:809]Enter CLIENT_LoginWithHighLevelSecurity. pstInParam:0000000000C6C730, pstOutParam:0000000000C89570.
[2020-10-26T20:39:47.805 info Netsdk:44357 27920:9100 dhnetsdk.cpp:825]IP:10.12.44.21, port:37777, SpeCap:0, CapParam:0000000000000000.
[2020-10-26T20:39:47.960 info Netsdk:44357 27920:9100 dhnetsdk.cpp:871]Leave CLIENT_LoginWithHighLevelSecurity. error:0, login ID:483316800.
[2020-10-26T20:39:47.962 info Netsdk:44357 27920:9100 dhnetsdk.cpp:9309]Enter CLIENT_RealLoadPictureEx. lLoginID:483316800, nChannelID:0, dwAlarmType:1, bNeedPicFile:1, cbAnalyzerData:00000000197C0090, dwUser:0000000000000000, Reserved:0000000000000000.
[2020-10-26T20:39:47.965 info Netsdk:44357 27920:9100 Utils.cpp:4815]mutil NIC client
[2020-10-26T20:39:47.970 info Netsdk:44357 27920:9100 DevConfigEx.cpp:10086]IN SetupSession PORT=0 and PORT: 37777
[2020-10-26T20:39:47.991 info Netsdk:44357 27920:9100 dhnetsdk.cpp:9328]Leave CLIENT_RealLoadPictureEx. ret:483376752.
[2020-10-26T21:39:02.894 error Netsdk:44357 27920:9492 TPIOCPMultiplexer.cpp:119]receive data result, GetQueuedCompletionStatus error:1236
[2020-10-26T21:39:02.895 error Netsdk:44357 27920:29212 TPIOCPMultiplexer.cpp:119]receive data result, GetQueuedCompletionStatus error:1236
[2020-10-26T21:39:02.895 error Netsdk:44357 27920:29212 TPObject.cpp:102]Receive error, ret:-1, err:10054
[2020-10-26T21:39:02.896 error Netsdk:44357 27920:29212 TPTCPClient.cpp:142]Receive to iocp error
[2020-10-26T21:39:02.896 error Netsdk:44357 27920:29212 TPTCPClient.cpp:184]Disconnect, ip:10.12.44.21, port is 37777
[2020-10-26T21:39:02.896 error Netsdk:44357 27920:9492 TPObject.cpp:102]Receive error, ret:-1, err:10054
[2020-10-26T21:39:02.896 error Netsdk:44357 27920:9492 TPTCPClient.cpp:142]Receive to iocp error
[2020-10-26T21:39:02.896 error Netsdk:44357 27920:9492 TPTCPClient.cpp:184]Disconnect, ip:10.12.44.21, port is 37777
