Begin Time:2020-10-18T17:53:51.319
[2020-10-18T17:53:51.319 info Netsdk:44357 7624:5432 AVNetSDKMgr.cpp:376]Load avnetsdk library dynamically
[2020-10-18T17:53:51.327 info Netsdk:44357 7624:5432 AVNetSDKMgr.cpp:400]avnetsdk module handle: 000000001F5A0000

[2020-10-18T17:53:51.327 info Netsdk:44357 7624:5432 AVNetSDKMgr.cpp:730]Load configsdk dynamically
[2020-10-18T17:53:51.334 info Netsdk:44357 7624:5432 dhnetsdk.cpp:190]Enter CLIENT_SetAutoReconnect:[cbAutoConnect=000000001D170050, dwUser=0000000000000000].
[2020-10-18T17:53:51.334 info Netsdk:44357 7624:5432 dhnetsdk.cpp:192]Leave CLIENT_SetAutoReconnect.
[2020-10-18T17:53:51.334 info Netsdk:44357 7624:5432 dhnetsdk.cpp:210]Enter CLIENT_SetConnectTime:[nWaitTime=5000, nTryTimes=1].
[2020-10-18T17:53:51.334 info Netsdk:44357 7624:5432 dhnetsdk.cpp:223]Leave CLIENT_SetConnectTime.
[2020-10-18T17:53:51.336 info Netsdk:44357 7624:5432 dhnetsdk.cpp:34041]Enter CLIENT_SetGDPREnable.[bEnable=-1]
[2020-10-18T17:53:51.336 info Netsdk:44357 7624:5432 dhnetsdk.cpp:34045]Leave CLIENT_SetGDPREnable.
[2020-10-18T17:53:51.336 info Netsdk:44357 7624:5432 dhnetsdk.cpp:234]Enter CLIENT_SetNetworkParam:[nWaittime=0, nConnectTime=10000, nConnectTryNum=0, nSubConnectSpaceTime=0, nGetDevInfoTime=0, nConnectBufSize=0, nGetConnInfoTime=3000, nSearchRecordTime=0, nsubDisconnetTime=0, byNetType=0, byPlaybackBufSize=0, bDetectDisconnTime=0, bKeepLifeInterval=0, nPicBufSize=0].
[2020-10-18T17:53:51.336 info Netsdk:44357 7624:5432 dhnetsdk.cpp:249]Leave CLIENT_SetNetworkParam.
[2020-10-18T17:53:51.339 info Netsdk:44357 7624:5432 dhnetsdk.cpp:809]Enter CLIENT_LoginWithHighLevelSecurity. pstInParam:000000000108CAE0, pstOutParam:00000000010A83C0.
[2020-10-18T17:53:51.339 info Netsdk:44357 7624:5432 dhnetsdk.cpp:825]IP:192.168.123.234, port:37777, SpeCap:0, CapParam:0000000000000000.
[2020-10-18T17:54:01.340 error Netsdk:44357 7624:5432 TPTCPClient.cpp:392]Connect host failed, ip:192.168.123.234
[2020-10-18T17:54:01.342 error Netsdk:44357 7624:5432 dhdevprob.cpp:2357]Login failed, Failed to create main connection
[2020-10-18T17:54:01.342 error Netsdk:44357 7624:5432 Manager.cpp:8127]device is NULL
[2020-10-18T17:54:01.342 error Netsdk:44357 7624:5432 Manager.cpp:8228]Login device failed, errorcode:9!
[2020-10-18T17:54:01.343 error Netsdk:44357 7624:5432 dhnetsdk.cpp:867]Login failed, ip:192.168.123.234, port:37777, specCap:0!
[2020-10-18T17:54:01.343 info Netsdk:44357 7624:5432 dhnetsdk.cpp:871]Leave CLIENT_LoginWithHighLevelSecurity. error:9, login ID:0.
[2020-10-18T17:54:01.345 info Netsdk:44357 7624:5432 dhnetsdk.cpp:7162]Enter CLIENT_GetLastError.
[2020-10-18T17:54:01.345 info Netsdk:44357 7624:5432 dhnetsdk.cpp:7165]Leave CLIENT_GetLastError.[Error code=8000006b.]
[2020-10-18T17:54:01.345 info Netsdk:44357 7624:5432 dhnetsdk.cpp:7162]Enter CLIENT_GetLastError.
[2020-10-18T17:54:01.345 info Netsdk:44357 7624:5432 dhnetsdk.cpp:7165]Leave CLIENT_GetLastError.[Error code=8000006b.]
[2020-10-18T17:54:01.346 info Netsdk:44357 7624:5432 dhnetsdk.cpp:7162]Enter CLIENT_GetLastError.
[2020-10-18T17:54:01.346 info Netsdk:44357 7624:5432 dhnetsdk.cpp:7165]Leave CLIENT_GetLastError.[Error code=8000006b.]
[2020-10-18T17:54:01.346 info Netsdk:44357 7624:5432 dhnetsdk.cpp:7162]Enter CLIENT_GetLastError.
[2020-10-18T17:54:01.346 info Netsdk:44357 7624:5432 dhnetsdk.cpp:7165]Leave CLIENT_GetLastError.[Error code=8000006b.]
