Begin Time:2020-10-22T16:24:20.970
[2020-10-22T16:24:20.970 info Netsdk:44357 24424:27400 AVNetSDKMgr.cpp:376]Load avnetsdk library dynamically
[2020-10-22T16:24:20.981 info Netsdk:44357 24424:27400 AVNetSDKMgr.cpp:400]avnetsdk module handle: 000000001FA20000

[2020-10-22T16:24:20.981 info Netsdk:44357 24424:27400 AVNetSDKMgr.cpp:730]Load configsdk dynamically
[2020-10-22T16:24:20.985 info Netsdk:44357 24424:27400 dhnetsdk.cpp:190]Enter CLIENT_SetAutoReconnect:[cbAutoConnect=0000000019E60050, dwUser=0000000000000000].
[2020-10-22T16:24:20.985 info Netsdk:44357 24424:27400 dhnetsdk.cpp:192]Leave CLIENT_SetAutoReconnect.
[2020-10-22T16:24:20.985 info Netsdk:44357 24424:27400 dhnetsdk.cpp:210]Enter CLIENT_SetConnectTime:[nWaitTime=5000, nTryTimes=1].
[2020-10-22T16:24:20.985 info Netsdk:44357 24424:27400 dhnetsdk.cpp:223]Leave CLIENT_SetConnectTime.
[2020-10-22T16:24:20.986 info Netsdk:44357 24424:27400 dhnetsdk.cpp:34041]Enter CLIENT_SetGDPREnable.[bEnable=-1]
[2020-10-22T16:24:20.986 info Netsdk:44357 24424:27400 dhnetsdk.cpp:34045]Leave CLIENT_SetGDPREnable.
[2020-10-22T16:24:20.986 info Netsdk:44357 24424:27400 dhnetsdk.cpp:234]Enter CLIENT_SetNetworkParam:[nWaittime=0, nConnectTime=10000, nConnectTryNum=0, nSubConnectSpaceTime=0, nGetDevInfoTime=0, nConnectBufSize=0, nGetConnInfoTime=3000, nSearchRecordTime=0, nsubDisconnetTime=0, byNetType=0, byPlaybackBufSize=0, bDetectDisconnTime=0, bKeepLifeInterval=0, nPicBufSize=0].
[2020-10-22T16:24:20.986 info Netsdk:44357 24424:27400 dhnetsdk.cpp:249]Leave CLIENT_SetNetworkParam.
[2020-10-22T16:24:20.988 info Netsdk:44357 24424:27400 dhnetsdk.cpp:809]Enter CLIENT_LoginWithHighLevelSecurity. pstInParam:00000000011B2570, pstOutParam:000000000122A7E0.
[2020-10-22T16:24:20.988 info Netsdk:44357 24424:27400 dhnetsdk.cpp:825]IP:10.12.44.21, port:37777, SpeCap:0, CapParam:0000000000000000.
[2020-10-22T16:24:21.131 info Netsdk:44357 24424:27400 dhnetsdk.cpp:871]Leave CLIENT_LoginWithHighLevelSecurity. error:0, login ID:487717392.
[2020-10-22T16:24:21.135 info Netsdk:44357 24424:27400 dhnetsdk.cpp:9309]Enter CLIENT_RealLoadPictureEx. lLoginID:487717392, nChannelID:0, dwAlarmType:1, bNeedPicFile:1, cbAnalyzerData:0000000019E60090, dwUser:0000000000000000, Reserved:0000000000000000.
[2020-10-22T16:24:21.137 info Netsdk:44357 24424:27400 Utils.cpp:4815]mutil NIC client
[2020-10-22T16:24:21.142 info Netsdk:44357 24424:27400 DevConfigEx.cpp:10086]IN SetupSession PORT=0 and PORT: 37777
[2020-10-22T16:24:21.159 info Netsdk:44357 24424:27400 dhnetsdk.cpp:9328]Leave CLIENT_RealLoadPictureEx. ret:487738064.
[2020-10-22T16:24:40.207 error Netsdk:44357 24424:21636 TPIOCPMultiplexer.cpp:119]receive data result, GetQueuedCompletionStatus error:1236
[2020-10-22T16:24:40.207 error Netsdk:44357 24424:21636 TPObject.cpp:102]Receive error, ret:-1, err:10054
[2020-10-22T16:24:40.207 error Netsdk:44357 24424:21636 TPTCPClient.cpp:142]Receive to iocp error
[2020-10-22T16:24:40.207 error Netsdk:44357 24424:21636 TPTCPClient.cpp:184]Disconnect, ip:10.12.44.21, port is 37777
[2020-10-22T16:24:40.207 error Netsdk:44357 24424:23004 TPIOCPMultiplexer.cpp:119]receive data result, GetQueuedCompletionStatus error:1236
[2020-10-22T16:24:40.207 error Netsdk:44357 24424:23004 TPObject.cpp:102]Receive error, ret:-1, err:10054
[2020-10-22T16:24:40.208 error Netsdk:44357 24424:23004 TPTCPClient.cpp:142]Receive to iocp error
[2020-10-22T16:24:40.208 error Netsdk:44357 24424:23004 TPTCPClient.cpp:184]Disconnect, ip:10.12.44.21, port is 37777
