Begin Time:2020-10-23T18:25:27.621
[2020-10-23T18:25:27.621 info Netsdk:44357 21556:22908 AVNetSDKMgr.cpp:376]Load avnetsdk library dynamically
[2020-10-23T18:25:27.631 info Netsdk:44357 21556:22908 AVNetSDKMgr.cpp:400]avnetsdk module handle: 000000001FE70000

[2020-10-23T18:25:27.631 info Netsdk:44357 21556:22908 AVNetSDKMgr.cpp:730]Load configsdk dynamically
[2020-10-23T18:25:27.637 info Netsdk:44357 21556:22908 dhnetsdk.cpp:190]Enter CLIENT_SetAutoReconnect:[cbAutoConnect=0000000003470050, dwUser=0000000000000000].
[2020-10-23T18:25:27.637 info Netsdk:44357 21556:22908 dhnetsdk.cpp:192]Leave CLIENT_SetAutoReconnect.
[2020-10-23T18:25:27.637 info Netsdk:44357 21556:22908 dhnetsdk.cpp:210]Enter CLIENT_SetConnectTime:[nWaitTime=5000, nTryTimes=1].
[2020-10-23T18:25:27.637 info Netsdk:44357 21556:22908 dhnetsdk.cpp:223]Leave CLIENT_SetConnectTime.
[2020-10-23T18:25:27.638 info Netsdk:44357 21556:22908 dhnetsdk.cpp:34041]Enter CLIENT_SetGDPREnable.[bEnable=-1]
[2020-10-23T18:25:27.638 info Netsdk:44357 21556:22908 dhnetsdk.cpp:34045]Leave CLIENT_SetGDPREnable.
[2020-10-23T18:25:27.639 info Netsdk:44357 21556:22908 dhnetsdk.cpp:234]Enter CLIENT_SetNetworkParam:[nWaittime=0, nConnectTime=10000, nConnectTryNum=0, nSubConnectSpaceTime=0, nGetDevInfoTime=0, nConnectBufSize=0, nGetConnInfoTime=3000, nSearchRecordTime=0, nsubDisconnetTime=0, byNetType=0, byPlaybackBufSize=0, bDetectDisconnTime=0, bKeepLifeInterval=0, nPicBufSize=0].
[2020-10-23T18:25:27.639 info Netsdk:44357 21556:22908 dhnetsdk.cpp:249]Leave CLIENT_SetNetworkParam.
[2020-10-23T18:25:27.642 info Netsdk:44357 21556:22908 dhnetsdk.cpp:809]Enter CLIENT_LoginWithHighLevelSecurity. pstInParam:00000000015A06C0, pstOutParam:0000000001530BD0.
[2020-10-23T18:25:27.642 info Netsdk:44357 21556:22908 dhnetsdk.cpp:825]IP:10.12.44.21, port:37777, SpeCap:0, CapParam:0000000000000000.
[2020-10-23T18:25:37.643 error Netsdk:44357 21556:22908 TPTCPClient.cpp:392]Connect host failed, ip:10.12.44.21
[2020-10-23T18:25:37.643 error Netsdk:44357 21556:22908 dhdevprob.cpp:2357]Login failed, Failed to create main connection
[2020-10-23T18:25:37.644 error Netsdk:44357 21556:22908 Manager.cpp:8127]device is NULL
[2020-10-23T18:25:37.644 error Netsdk:44357 21556:22908 Manager.cpp:8228]Login device failed, errorcode:9!
[2020-10-23T18:25:37.645 error Netsdk:44357 21556:22908 dhnetsdk.cpp:867]Login failed, ip:10.12.44.21, port:37777, specCap:0!
[2020-10-23T18:25:37.645 info Netsdk:44357 21556:22908 dhnetsdk.cpp:871]Leave CLIENT_LoginWithHighLevelSecurity. error:9, login ID:0.
[2020-10-23T18:25:37.669 info Netsdk:44357 21556:22908 dhnetsdk.cpp:7162]Enter CLIENT_GetLastError.
[2020-10-23T18:25:37.669 info Netsdk:44357 21556:22908 dhnetsdk.cpp:7165]Leave CLIENT_GetLastError.[Error code=8000006b.]
[2020-10-23T18:25:37.670 info Netsdk:44357 21556:22908 dhnetsdk.cpp:7162]Enter CLIENT_GetLastError.
[2020-10-23T18:25:37.670 info Netsdk:44357 21556:22908 dhnetsdk.cpp:7165]Leave CLIENT_GetLastError.[Error code=8000006b.]
